<?xml version="1.0" encoding="UTF-8"?>
<!-- Generated by org.testng.reporters.JUnitXMLReporter -->
<testsuite ignored="0" hostname="DESKTOP-I3PT2JI" failures="0" tests="3" name="Free CRM App Test" time="33.464" errors="0" timestamp="2021-04-22T10:38:09 ULAT">
  <testcase classname="com.crm.qa.testcases.LoginPageTest" name="loginPageTitleTest" time="0.067"/>
  <testcase classname="com.crm.qa.testcases.LoginPageTest" name="crmLogoImageTest" time="0.253"/>
  <testcase classname="com.crm.qa.testcases.LoginPageTest" name="loginTest" time="6.026"/>
</testsuite> <!-- Free CRM App Test -->
