<?xml version="1.0" encoding="UTF-8"?>
<!-- Generated by org.testng.reporters.JUnitXMLReporter -->
<testsuite ignored="0" hostname="DESKTOP-I3PT2JI" failures="0" tests="3" name="Default test" time="44.308" errors="0" timestamp="2021-03-19T19:44:00 ULAT">
  <testcase classname="com.crm.qa.testcases.LoginPageTest" name="loginPageTitleTest" time="0.033"/>
  <testcase classname="com.crm.qa.testcases.LoginPageTest" name="crmLogoImageTest" time="0.172"/>
  <testcase classname="com.crm.qa.testcases.LoginPageTest" name="loginTest" time="8.742"/>
</testsuite> <!-- Default test -->
