<?xml version="1.0" encoding="UTF-8"?>
<testng-results ignored="0" total="4" passed="4" failed="0" skipped="0">
  <reporter-output>
  </reporter-output>
  <suite started-at="2021-03-20T15:18:09Z" name="Free CRM Application Test Automation Test Suite" finished-at="2021-03-20T15:19:03Z" duration-ms="53916">
    <groups>
    </groups>
    <test started-at="2021-03-20T15:18:09Z" name="Free CRM App Test" finished-at="2021-03-20T15:19:03Z" duration-ms="53916">
      <class name="com.crm.qa.testcases.HomePageTest">
        <test-method is-config="true" signature="setUp()[pri:0, instance:com.crm.qa.testcases.HomePageTest@43b9fd5]" started-at="2021-03-20T15:18:18Z" name="setUp" finished-at="2021-03-20T15:18:33Z" duration-ms="14342" status="PASS">
          <reporter-output>
          </reporter-output>
        </test-method> <!-- setUp -->
        <test-method signature="validateHomePageTitle()[pri:1, instance:com.crm.qa.testcases.HomePageTest@43b9fd5]" started-at="2021-03-20T15:18:33Z" name="validateHomePageTitle" finished-at="2021-03-20T15:18:33Z" duration-ms="28" status="PASS">
          <reporter-output>
          </reporter-output>
        </test-method> <!-- validateHomePageTitle -->
        <test-method is-config="true" signature="tearDown()[pri:0, instance:com.crm.qa.testcases.HomePageTest@43b9fd5]" started-at="2021-03-20T15:18:33Z" name="tearDown" finished-at="2021-03-20T15:18:33Z" duration-ms="851" status="PASS">
          <reporter-output>
          </reporter-output>
        </test-method> <!-- tearDown -->
      </class> <!-- com.crm.qa.testcases.HomePageTest -->
      <class name="com.crm.qa.testcases.ContactsPageTest">
        <test-method is-config="true" signature="setUp()[pri:0, instance:com.crm.qa.testcases.ContactsPageTest@79dc5318]" started-at="2021-03-20T15:18:33Z" name="setUp" finished-at="2021-03-20T15:18:51Z" duration-ms="17835" status="PASS">
          <reporter-output>
          </reporter-output>
        </test-method> <!-- setUp -->
        <test-method signature="verifyContactsLabelTest()[pri:1, instance:com.crm.qa.testcases.ContactsPageTest@79dc5318]" started-at="2021-03-20T15:18:51Z" name="verifyContactsLabelTest" finished-at="2021-03-20T15:18:51Z" duration-ms="107" status="PASS">
          <reporter-output>
          </reporter-output>
        </test-method> <!-- verifyContactsLabelTest -->
        <test-method is-config="true" signature="tearDown()[pri:0, instance:com.crm.qa.testcases.ContactsPageTest@79dc5318]" started-at="2021-03-20T15:18:51Z" name="tearDown" finished-at="2021-03-20T15:18:52Z" duration-ms="752" status="PASS">
          <reporter-output>
          </reporter-output>
        </test-method> <!-- tearDown -->
      </class> <!-- com.crm.qa.testcases.ContactsPageTest -->
      <class name="com.crm.qa.testcases.LoginPageTest">
        <test-method is-config="true" signature="setUp()[pri:0, instance:com.crm.qa.testcases.LoginPageTest@3af0a9da]" started-at="2021-03-20T15:18:10Z" name="setUp" finished-at="2021-03-20T15:18:17Z" duration-ms="7626" status="PASS">
          <reporter-output>
          </reporter-output>
        </test-method> <!-- setUp -->
        <test-method signature="loginPageTitleTest()[pri:1, instance:com.crm.qa.testcases.LoginPageTest@3af0a9da]" started-at="2021-03-20T15:18:17Z" name="loginPageTitleTest" finished-at="2021-03-20T15:18:17Z" duration-ms="66" status="PASS">
          <reporter-output>
          </reporter-output>
        </test-method> <!-- loginPageTitleTest -->
        <test-method is-config="true" signature="tearDown()[pri:0, instance:com.crm.qa.testcases.LoginPageTest@3af0a9da]" started-at="2021-03-20T15:18:17Z" name="tearDown" finished-at="2021-03-20T15:18:18Z" duration-ms="962" status="PASS">
          <reporter-output>
          </reporter-output>
        </test-method> <!-- tearDown -->
        <test-method is-config="true" signature="setUp()[pri:0, instance:com.crm.qa.testcases.LoginPageTest@3af0a9da]" started-at="2021-03-20T15:18:52Z" name="setUp" finished-at="2021-03-20T15:19:02Z" duration-ms="10108" status="PASS">
          <reporter-output>
          </reporter-output>
        </test-method> <!-- setUp -->
        <test-method signature="crmLogoImageTest()[pri:2, instance:com.crm.qa.testcases.LoginPageTest@3af0a9da]" started-at="2021-03-20T15:19:02Z" name="crmLogoImageTest" finished-at="2021-03-20T15:19:02Z" duration-ms="143" status="PASS">
          <reporter-output>
          </reporter-output>
        </test-method> <!-- crmLogoImageTest -->
        <test-method is-config="true" signature="tearDown()[pri:0, instance:com.crm.qa.testcases.LoginPageTest@3af0a9da]" started-at="2021-03-20T15:19:02Z" name="tearDown" finished-at="2021-03-20T15:19:03Z" duration-ms="1050" status="PASS">
          <reporter-output>
          </reporter-output>
        </test-method> <!-- tearDown -->
      </class> <!-- com.crm.qa.testcases.LoginPageTest -->
    </test> <!-- Free CRM App Test -->
  </suite> <!-- Free CRM Application Test Automation Test Suite -->
</testng-results>
