<?xml version="1.0" encoding="UTF-8"?>
<!-- Generated by org.testng.reporters.JUnitXMLReporter -->
<testsuite ignored="0" hostname="DESKTOP-I3PT2JI" failures="0" tests="3" name="Free CRM App Test" time="29.221" errors="0" timestamp="22 Apr 2021 02:46:05 GMT">
  <testcase classname="com.crm.qa.testcases.LoginPageTest" name="loginPageTitleTest" time="0.102"/>
  <testcase classname="com.crm.qa.testcases.LoginPageTest" name="crmLogoImageTest" time="0.204"/>
  <testcase classname="com.crm.qa.testcases.LoginPageTest" name="loginTest" time="5.501"/>
</testsuite> <!-- Free CRM App Test -->
